<html>
<head>
<title>TestNG:  Default test</title>
<link href="../testng.css" rel="stylesheet" type="text/css" />
<link href="../my-testng.css" rel="stylesheet" type="text/css" />

<style type="text/css">
.log { display: none;} 
.stack-trace { display: none;} 
</style>
<script type="text/javascript">
<!--
function flip(e) {
  current = e.style.display;
  if (current == 'block') {
    e.style.display = 'none';
    return 0;
  }
  else {
    e.style.display = 'block';
    return 1;
  }
}

function toggleBox(szDivId, elem, msg1, msg2)
{
  var res = -1;  if (document.getElementById) {
    res = flip(document.getElementById(szDivId));
  }
  else if (document.all) {
    // this is the way old msie versions work
    res = flip(document.all[szDivId]);
  }
  if(elem) {
    if(res == 0) elem.innerHTML = msg1; else elem.innerHTML = msg2;
  }

}

function toggleAllBoxes() {
  if (document.getElementsByTagName) {
    d = document.getElementsByTagName('div');
    for (i = 0; i < d.length; i++) {
      if (d[i].className == 'log') {
        flip(d[i]);
      }
    }
  }
}

// -->
</script>

</head>
<body>
<h2 align='center'>Default test</h2><table border='1' align="center">
<tr>
<td>Tests passed/Failed/Skipped:</td><td>2/1/0</td>
</tr><tr>
<td>Started on:</td><td>Tue Mar 03 01:51:00 EST 2020</td>
</tr>
<tr><td>Total time:</td><td>73 seconds (73418 ms)</td>
</tr><tr>
<td>Included groups:</td><td></td>
</tr><tr>
<td>Excluded groups:</td><td></td>
</tr>
</table><p/>
<small><i>(Hover the method name to see the test class name)</i></small><p/>
<table width='100%' border='1' class='invocation-failed'>
<tr><td colspan='4' align='center'><b>FAILED TESTS</b></td></tr>
<tr><td><b>Test method</b></td>
<td width="30%"><b>Exception</b></td>
<td width="10%"><b>Time (seconds)</b></td>
<td><b>Instance</b></td>
</tr>
<tr>
<td title='stepDefinitionPack.RunnerTest.runScenario()'><b>runScenario</b><br>Test class: stepDefinitionPack.RunnerTest<br>Test method: Runs Cucumber Scenarios<br>Parameters: "As a user I want to create new account in ourwebsite webpage", "Our website signup fuctionality"<br/>
<a href="#Output-1505474932" onClick='toggleBox("Output-1505474932", this, "Show output", "Hide output");'>Show output</a>

<a href="#Output-1505474932" onClick="toggleAllBoxes();">Show all outputs</a>
<div class='log' id="Output-1505474932">
<div "result">I am on our website webpage (PASSED : 0s)</div><br/>
<div "result">I enter (FAILED : 11s)</div><br/>
<div "result">I select (SKIPPED)</div><br/>
<div "result">I click on (SKIPPED)</div><br/>
<div "result">I should create new account successfully (SKIPPED)</div><br/>
</div>
</td>
<td><div><pre>org.openqa.selenium.ElementNotInteractableException: element not interactable
  (Session info: chrome=80.0.3987.122)
Build info: version: &apos;3.141.59&apos;, revision: &apos;e82be7d358&apos;, time: &apos;2018-11-14T08:17:03&apos;
System info: host: &apos;ANIK&apos;, ip: &apos;192.168.0.14&apos;, os.name: &apos;Windows 10&apos;, os.arch: &apos;amd64&apos;, os.version: &apos;10.0&apos;, java.version: &apos;11.0.4&apos;
Driver info: org.openqa.selenium.chrome.ChromeDriver
Capabilities {acceptInsecureCerts: false, browserName: chrome, browserVersion: 80.0.3987.122, chrome: {chromedriverVersion: 80.0.3987.106 (f68069574609..., userDataDir: C:\Users\Nehal\AppData\Loca...}, goog:chromeOptions: {debuggerAddress: localhost:52721}, javascriptEnabled: true, networkConnectionEnabled: false, pageLoadStrategy: normal, platform: WINDOWS, platformName: WINDOWS, proxy: Proxy(), setWindowRect: true, strictFileInteractability: false, timeouts: {implicit: 0, pageLoad: 300000, script: 30000}, unhandledPromptBehavior: dismiss and notify}
Session ID: 2a636722066f973f4da50a7f749110b5
	at java.base/jdk.internal.reflect.NativeConstructorAccessorImpl.newInstance0(Native Method)
	at java.base/jdk.internal.reflect.NativeConstructorAccessorImpl.newInstance(NativeConstructorAccessorImpl.java:62)
	at java.base/jdk.internal.reflect.DelegatingConstructorAccessorImpl.newInstance(DelegatingConstructorAccessorImpl.java:45)
	at java.base/java.lang.reflect.Constructor.newInstance(Constructor.java:490)
	at org.openqa.selenium.remote.http.W3CHttpResponseCodec.createException(W3CHttpResponseCodec.java:187)
	at org.openqa.selenium.remote.http.W3CHttpResponseCodec.decode(W3CHttpResponseCodec.java:122)
	at org.openqa.selenium.remote.http.W3CHttpResponseCodec.decode(W3CHttpResponseCodec.java:49)
	at org.openqa.selenium.remote.HttpCommandExecutor.execute(HttpCommandExecutor.java:158)
	at org.openqa.selenium.remote.service.DriverCommandExecutor.execute(DriverCommandExecutor.java:83)
	at org.openqa.selenium.remote.RemoteWebDriver.execute(RemoteWebDriver.java:552)
	at org.openqa.selenium.remote.RemoteWebElement.execute(RemoteWebElement.java:285)
	at org.openqa.selenium.remote.RemoteWebElement.sendKeys(RemoteWebElement.java:106)
	at stepDefinitionPack.OurWebSiteDataTableStepDefinition.i_enter(OurWebSiteDataTableStepDefinition.java:24)
	at ?.I enter(src/main/resources/Feature/OurWebSIteDataTable.feature:7)
</pre></div><a href='#' onClick='toggleBox("stack-trace1505474932", this, "Click to show all stack frames", "Click to hide stack frames")'>Click to show all stack frames</a>
<div class='stack-trace' id='stack-trace1505474932'><pre>org.openqa.selenium.ElementNotInteractableException: element not interactable
  (Session info: chrome=80.0.3987.122)
Build info: version: &apos;3.141.59&apos;, revision: &apos;e82be7d358&apos;, time: &apos;2018-11-14T08:17:03&apos;
System info: host: &apos;ANIK&apos;, ip: &apos;192.168.0.14&apos;, os.name: &apos;Windows 10&apos;, os.arch: &apos;amd64&apos;, os.version: &apos;10.0&apos;, java.version: &apos;11.0.4&apos;
Driver info: org.openqa.selenium.chrome.ChromeDriver
Capabilities {acceptInsecureCerts: false, browserName: chrome, browserVersion: 80.0.3987.122, chrome: {chromedriverVersion: 80.0.3987.106 (f68069574609..., userDataDir: C:\Users\Nehal\AppData\Loca...}, goog:chromeOptions: {debuggerAddress: localhost:52721}, javascriptEnabled: true, networkConnectionEnabled: false, pageLoadStrategy: normal, platform: WINDOWS, platformName: WINDOWS, proxy: Proxy(), setWindowRect: true, strictFileInteractability: false, timeouts: {implicit: 0, pageLoad: 300000, script: 30000}, unhandledPromptBehavior: dismiss and notify}
Session ID: 2a636722066f973f4da50a7f749110b5
	at java.base/jdk.internal.reflect.NativeConstructorAccessorImpl.newInstance0(Native Method)
	at java.base/jdk.internal.reflect.NativeConstructorAccessorImpl.newInstance(NativeConstructorAccessorImpl.java:62)
	at java.base/jdk.internal.reflect.DelegatingConstructorAccessorImpl.newInstance(DelegatingConstructorAccessorImpl.java:45)
	at java.base/java.lang.reflect.Constructor.newInstance(Constructor.java:490)
	at org.openqa.selenium.remote.http.W3CHttpResponseCodec.createException(W3CHttpResponseCodec.java:187)
	at org.openqa.selenium.remote.http.W3CHttpResponseCodec.decode(W3CHttpResponseCodec.java:122)
	at org.openqa.selenium.remote.http.W3CHttpResponseCodec.decode(W3CHttpResponseCodec.java:49)
	at org.openqa.selenium.remote.HttpCommandExecutor.execute(HttpCommandExecutor.java:158)
	at org.openqa.selenium.remote.service.DriverCommandExecutor.execute(DriverCommandExecutor.java:83)
	at org.openqa.selenium.remote.RemoteWebDriver.execute(RemoteWebDriver.java:552)
	at org.openqa.selenium.remote.RemoteWebElement.execute(RemoteWebElement.java:285)
	at org.openqa.selenium.remote.RemoteWebElement.sendKeys(RemoteWebElement.java:106)
	at stepDefinitionPack.OurWebSiteDataTableStepDefinition.i_enter(OurWebSiteDataTableStepDefinition.java:24)
	at ?.I enter(src/main/resources/Feature/OurWebSIteDataTable.feature:7)
</pre></div></td>
<td>25</td>
<td>stepDefinitionPack.RunnerTest@29647f75</td></tr>
</table><p>
<table width='100%' border='1' class='invocation-passed'>
<tr><td colspan='4' align='center'><b>PASSED TESTS</b></td></tr>
<tr><td><b>Test method</b></td>
<td width="30%"><b>Exception</b></td>
<td width="10%"><b>Time (seconds)</b></td>
<td><b>Instance</b></td>
</tr>
<tr>
<td title='stepDefinitionPack.RunnerTest.runScenario()'><b>runScenario</b><br>Test class: stepDefinitionPack.RunnerTest<br>Test method: Runs Cucumber Scenarios<br>Parameters: "Normal", "Height and Weight BMI Metric"<br/>
<a href="#Output-194672584" onClick='toggleBox("Output-194672584", this, "Show output", "Hide output");'>Show output</a>

<a href="#Output-194672584" onClick="toggleAllBoxes();">Show all outputs</a>
<div class='log' id="Output-194672584">
<div "result">I am on BMI calculator webpage (PASSED : 1s)</div><br/>
<div "result">I enter height &quot;170&quot;, weight &quot;60&quot; (PASSED : 0s)</div><br/>
<div "result">I click on calculate button (PASSED : 3s)</div><br/>
<div "result">BMI should &quot;20.8&quot; (PASSED : 0s)</div><br/>
<div "result">BMI category should  &quot;Normal&quot; (PASSED : 0s)</div><br/>
</div>
</td>
<td></td>
<td>34</td>
<td>stepDefinitionPack.RunnerTest@29647f75</td></tr>
<tr>
<td title='stepDefinitionPack.RunnerTest.runScenario()'><b>runScenario</b><br>Test class: stepDefinitionPack.RunnerTest<br>Test method: Runs Cucumber Scenarios<br>Parameters: "Valid Payee and valid amount", "Fund Transfer Functionality"<br/>
<a href="#Output-1417203230" onClick='toggleBox("Output-1417203230", this, "Show output", "Hide output");'>Show output</a>

<a href="#Output-1417203230" onClick="toggleAllBoxes();">Show all outputs</a>
<div class='log' id="Output-1417203230">
<div "result">I am on fund transfer webpage (PASSED : 0s)</div><br/>
<div "result">I select valid payee &quot;Jim&quot; (PASSED : 0s)</div><br/>
<div "result">I enter valid amount &quot;500&quot; (PASSED : 0s)</div><br/>
<div "result">I click on fund transfer button (PASSED : 0s)</div><br/>
<div "result">I should get message &quot;$500 transferred successfully to Jim!!&quot; (PASSED : 0s)</div><br/>
</div>
</td>
<td></td>
<td>11</td>
<td>stepDefinitionPack.RunnerTest@29647f75</td></tr>
</table><p>
</body>
</html>