<?xml version="1.0" encoding="UTF-8"?>
<testng-results ignored="0" total="3" passed="2" failed="1" skipped="0">
  <reporter-output>
    <line>
      <![CDATA[<div "result">I am on BMI calculator webpage (PASSED : 1s)</div>]]>
    </line>
    <line>
      <![CDATA[<div "result">I enter height &quot;170&quot;, weight &quot;60&quot; (PASSED : 0s)</div>]]>
    </line>
    <line>
      <![CDATA[<div "result">I click on calculate button (PASSED : 3s)</div>]]>
    </line>
    <line>
      <![CDATA[<div "result">BMI should &quot;20.8&quot; (PASSED : 0s)</div>]]>
    </line>
    <line>
      <![CDATA[<div "result">BMI category should  &quot;Normal&quot; (PASSED : 0s)</div>]]>
    </line>
    <line>
      <![CDATA[<div "result">I am on fund transfer webpage (PASSED : 0s)</div>]]>
    </line>
    <line>
      <![CDATA[<div "result">I select valid payee &quot;Jim&quot; (PASSED : 0s)</div>]]>
    </line>
    <line>
      <![CDATA[<div "result">I enter valid amount &quot;500&quot; (PASSED : 0s)</div>]]>
    </line>
    <line>
      <![CDATA[<div "result">I click on fund transfer button (PASSED : 0s)</div>]]>
    </line>
    <line>
      <![CDATA[<div "result">I should get message &quot;$500 transferred successfully to Jim!!&quot; (PASSED : 0s)</div>]]>
    </line>
    <line>
      <![CDATA[<div "result">I am on our website webpage (PASSED : 0s)</div>]]>
    </line>
    <line>
      <![CDATA[<div "result">I enter (FAILED : 11s)</div>]]>
    </line>
    <line>
      <![CDATA[<div "result">I select (SKIPPED)</div>]]>
    </line>
    <line>
      <![CDATA[<div "result">I click on (SKIPPED)</div>]]>
    </line>
    <line>
      <![CDATA[<div "result">I should create new account successfully (SKIPPED)</div>]]>
    </line>
  </reporter-output>
  <suite started-at="2020-03-03T06:51:00Z" name="Default suite" finished-at="2020-03-03T06:52:13Z" duration-ms="73418">
    <groups>
      <group name="cucumber">
        <method signature="AbstractTestNGCucumberTests.runScenario(cucumber.api.testng.PickleEventWrapper, cucumber.api.testng.CucumberFeatureWrapper)[pri:0, instance:stepDefinitionPack.RunnerTest@29647f75]" name="runScenario" class="cucumber.api.testng.AbstractTestNGCucumberTests"/>
      </group> <!-- cucumber -->
    </groups>
    <test started-at="2020-03-03T06:51:00Z" name="Default test" finished-at="2020-03-03T06:52:13Z" duration-ms="73418">
      <class name="stepDefinitionPack.RunnerTest">
        <test-method is-config="true" signature="setUpClass()[pri:0, instance:stepDefinitionPack.RunnerTest@29647f75]" started-at="2020-03-03T06:51:00Z" name="setUpClass" finished-at="2020-03-03T06:51:01Z" duration-ms="1161" status="PASS">
          <reporter-output>
          </reporter-output>
        </test-method> <!-- setUpClass -->
        <test-method signature="runScenario(cucumber.api.testng.PickleEventWrapper, cucumber.api.testng.CucumberFeatureWrapper)[pri:0, instance:stepDefinitionPack.RunnerTest@29647f75]" started-at="2020-03-03T06:51:01Z" name="runScenario" description="Runs Cucumber Scenarios" data-provider="scenarios" finished-at="2020-03-03T06:51:36Z" duration-ms="34834" status="PASS">
          <params>
            <param index="0">
              <value>
                <![CDATA["Normal"]]>
              </value>
            </param>
            <param index="1">
              <value>
                <![CDATA["Height and Weight BMI Metric"]]>
              </value>
            </param>
          </params>
          <reporter-output>
            <line>
              <![CDATA[<div "result">I am on BMI calculator webpage (PASSED : 1s)</div>]]>
            </line>
            <line>
              <![CDATA[<div "result">I enter height &quot;170&quot;, weight &quot;60&quot; (PASSED : 0s)</div>]]>
            </line>
            <line>
              <![CDATA[<div "result">I click on calculate button (PASSED : 3s)</div>]]>
            </line>
            <line>
              <![CDATA[<div "result">BMI should &quot;20.8&quot; (PASSED : 0s)</div>]]>
            </line>
            <line>
              <![CDATA[<div "result">BMI category should  &quot;Normal&quot; (PASSED : 0s)</div>]]>
            </line>
          </reporter-output>
        </test-method> <!-- runScenario -->
        <test-method signature="runScenario(cucumber.api.testng.PickleEventWrapper, cucumber.api.testng.CucumberFeatureWrapper)[pri:0, instance:stepDefinitionPack.RunnerTest@29647f75]" started-at="2020-03-03T06:51:36Z" name="runScenario" description="Runs Cucumber Scenarios" data-provider="scenarios" finished-at="2020-03-03T06:51:47Z" duration-ms="11009" status="PASS">
          <params>
            <param index="0">
              <value>
                <![CDATA["Valid Payee and valid amount"]]>
              </value>
            </param>
            <param index="1">
              <value>
                <![CDATA["Fund Transfer Functionality"]]>
              </value>
            </param>
          </params>
          <reporter-output>
            <line>
              <![CDATA[<div "result">I am on fund transfer webpage (PASSED : 0s)</div>]]>
            </line>
            <line>
              <![CDATA[<div "result">I select valid payee &quot;Jim&quot; (PASSED : 0s)</div>]]>
            </line>
            <line>
              <![CDATA[<div "result">I enter valid amount &quot;500&quot; (PASSED : 0s)</div>]]>
            </line>
            <line>
              <![CDATA[<div "result">I click on fund transfer button (PASSED : 0s)</div>]]>
            </line>
            <line>
              <![CDATA[<div "result">I should get message &quot;$500 transferred successfully to Jim!!&quot; (PASSED : 0s)</div>]]>
            </line>
          </reporter-output>
        </test-method> <!-- runScenario -->
        <test-method signature="runScenario(cucumber.api.testng.PickleEventWrapper, cucumber.api.testng.CucumberFeatureWrapper)[pri:0, instance:stepDefinitionPack.RunnerTest@29647f75]" started-at="2020-03-03T06:51:47Z" name="runScenario" description="Runs Cucumber Scenarios" data-provider="scenarios" finished-at="2020-03-03T06:52:13Z" duration-ms="25997" status="FAIL">
          <params>
            <param index="0">
              <value>
                <![CDATA["As a user I want to create new account in ourwebsite webpage"]]>
              </value>
            </param>
            <param index="1">
              <value>
                <![CDATA["Our website signup fuctionality"]]>
              </value>
            </param>
          </params>
          <exception class="org.openqa.selenium.ElementNotInteractableException">
            <message>
              <![CDATA[element not interactable
  (Session info: chrome=80.0.3987.122)
Build info: version: '3.141.59', revision: 'e82be7d358', time: '2018-11-14T08:17:03'
System info: host: 'ANIK', ip: '192.168.0.14', os.name: 'Windows 10', os.arch: 'amd64', os.version: '10.0', java.version: '11.0.4'
Driver info: org.openqa.selenium.chrome.ChromeDriver
Capabilities {acceptInsecureCerts: false, browserName: chrome, browserVersion: 80.0.3987.122, chrome: {chromedriverVersion: 80.0.3987.106 (f68069574609..., userDataDir: C:\Users\Nehal\AppData\Loca...}, goog:chromeOptions: {debuggerAddress: localhost:52721}, javascriptEnabled: true, networkConnectionEnabled: false, pageLoadStrategy: normal, platform: WINDOWS, platformName: WINDOWS, proxy: Proxy(), setWindowRect: true, strictFileInteractability: false, timeouts: {implicit: 0, pageLoad: 300000, script: 30000}, unhandledPromptBehavior: dismiss and notify}
Session ID: 2a636722066f973f4da50a7f749110b5]]>
            </message>
            <full-stacktrace>
              <![CDATA[org.openqa.selenium.ElementNotInteractableException: element not interactable
  (Session info: chrome=80.0.3987.122)
Build info: version: '3.141.59', revision: 'e82be7d358', time: '2018-11-14T08:17:03'
System info: host: 'ANIK', ip: '192.168.0.14', os.name: 'Windows 10', os.arch: 'amd64', os.version: '10.0', java.version: '11.0.4'
Driver info: org.openqa.selenium.chrome.ChromeDriver
Capabilities {acceptInsecureCerts: false, browserName: chrome, browserVersion: 80.0.3987.122, chrome: {chromedriverVersion: 80.0.3987.106 (f68069574609..., userDataDir: C:\Users\Nehal\AppData\Loca...}, goog:chromeOptions: {debuggerAddress: localhost:52721}, javascriptEnabled: true, networkConnectionEnabled: false, pageLoadStrategy: normal, platform: WINDOWS, platformName: WINDOWS, proxy: Proxy(), setWindowRect: true, strictFileInteractability: false, timeouts: {implicit: 0, pageLoad: 300000, script: 30000}, unhandledPromptBehavior: dismiss and notify}
Session ID: 2a636722066f973f4da50a7f749110b5
at java.base/jdk.internal.reflect.NativeConstructorAccessorImpl.newInstance0(Native Method)
at java.base/jdk.internal.reflect.NativeConstructorAccessorImpl.newInstance(NativeConstructorAccessorImpl.java:62)
at java.base/jdk.internal.reflect.DelegatingConstructorAccessorImpl.newInstance(DelegatingConstructorAccessorImpl.java:45)
at java.base/java.lang.reflect.Constructor.newInstance(Constructor.java:490)
at org.openqa.selenium.remote.http.W3CHttpResponseCodec.createException(W3CHttpResponseCodec.java:187)
at org.openqa.selenium.remote.http.W3CHttpResponseCodec.decode(W3CHttpResponseCodec.java:122)
at org.openqa.selenium.remote.http.W3CHttpResponseCodec.decode(W3CHttpResponseCodec.java:49)
at org.openqa.selenium.remote.HttpCommandExecutor.execute(HttpCommandExecutor.java:158)
at org.openqa.selenium.remote.service.DriverCommandExecutor.execute(DriverCommandExecutor.java:83)
at org.openqa.selenium.remote.RemoteWebDriver.execute(RemoteWebDriver.java:552)
at org.openqa.selenium.remote.RemoteWebElement.execute(RemoteWebElement.java:285)
at org.openqa.selenium.remote.RemoteWebElement.sendKeys(RemoteWebElement.java:106)
at stepDefinitionPack.OurWebSiteDataTableStepDefinition.i_enter(OurWebSiteDataTableStepDefinition.java:24)
at âœ½.I enter(src/main/resources/Feature/OurWebSIteDataTable.feature:7)
]]>
            </full-stacktrace>
          </exception> <!-- org.openqa.selenium.ElementNotInteractableException -->
          <reporter-output>
            <line>
              <![CDATA[<div "result">I am on our website webpage (PASSED : 0s)</div>]]>
            </line>
            <line>
              <![CDATA[<div "result">I enter (FAILED : 11s)</div>]]>
            </line>
            <line>
              <![CDATA[<div "result">I select (SKIPPED)</div>]]>
            </line>
            <line>
              <![CDATA[<div "result">I click on (SKIPPED)</div>]]>
            </line>
            <line>
              <![CDATA[<div "result">I should create new account successfully (SKIPPED)</div>]]>
            </line>
          </reporter-output>
        </test-method> <!-- runScenario -->
        <test-method is-config="true" signature="tearDownClass()[pri:0, instance:stepDefinitionPack.RunnerTest@29647f75]" started-at="2020-03-03T06:52:13Z" name="tearDownClass" finished-at="2020-03-03T06:52:13Z" duration-ms="26" status="PASS">
          <reporter-output>
          </reporter-output>
        </test-method> <!-- tearDownClass -->
      </class> <!-- stepDefinitionPack.RunnerTest -->
    </test> <!-- Default test -->
  </suite> <!-- Default suite -->
</testng-results>
